[21:56:55] [main/INFO]: Setting user: Player457
[21:57:03] [main/WARN]: Skipping bad option: lastServer:
[21:57:03] [main/INFO]: LWJGL Version: 2.9.2
[21:57:11] [main/INFO]: Reloading ResourceManager: Default, FMLFileResourcePack:Forge Mod Loader, FMLFileResourcePack:Minecraft Forge, FMLFileResourcePack:Aura, FMLFileResourcePack:Minecraft-Flux, FMLFileResourcePack:FL
[21:57:17] [Sound Library Loader/INFO]: Starting up SoundSystem...
[21:57:17] [Thread-3/INFO]: Initializing LWJGL OpenAL
[21:57:17] [Thread-3/INFO]: (The LWJGL binding of OpenAL.  For more information, see http://www.lwjgl.org)
[21:57:17] [Thread-3/INFO]: OpenAL initialized.
[21:57:17] [Sound Library Loader/INFO]: Sound engine started
[21:57:26] [main/INFO]: Created: 512x512 textures-atlas
[21:57:38] [main/WARN]: Skipping bad option: lastServer:
[21:57:40] [Realms Notification Availability checker #1/INFO]: Could not authorize you against Realms server: Invalid session id
[21:57:50] [Server thread/INFO]: Starting integrated minecraft server version 1.12
[21:57:50] [Server thread/INFO]: Generating keypair
[21:57:55] [Server thread/INFO]: Loaded 488 advancements
[21:57:55] [Server thread/INFO]: Preparing start region for level 0
[21:57:57] [Server thread/INFO]: Preparing spawn area: 0%
[21:57:58] [Server thread/INFO]: Preparing spawn area: 6%
[21:57:59] [Server thread/INFO]: Preparing spawn area: 49%
[21:58:00] [Server thread/INFO]: Preparing spawn area: 98%
[21:58:01] [Server thread/INFO]: Changing view distance to 12, from 10
[21:58:08] [Server thread/INFO]: Player457[local:E:3f2a8c1c] logged in with entity id 334 at (229.3175264717151, 74.0, 241.1757435945212)
[21:58:08] [Server thread/INFO]: Player457 joined the game
[21:58:12] [Server thread/INFO]: Saving and pausing game...
[21:58:12] [Server thread/INFO]: Saving chunks for level 'Test'/overworld
[21:58:12] [Server thread/INFO]: Saving chunks for level 'Test'/the_nether
[21:58:12] [Server thread/INFO]: Saving chunks for level 'Test'/the_end
[21:58:13] [Server thread/WARN]: Can't keep up! Did the system time change, or is the server overloaded? Running 4752ms behind, skipping 95 tick(s)
[21:58:14] [Server thread/INFO]: Saving and pausing game...
[21:58:14] [Server thread/INFO]: Saving chunks for level 'Test'/overworld
[21:58:15] [Server thread/INFO]: Saving chunks for level 'Test'/the_nether
[21:58:15] [Server thread/INFO]: Saving chunks for level 'Test'/the_end
[21:58:21] [main/INFO]: [CHAT] You found a note. It reads: "If you are reading this, then the test worked!"
[21:58:21] [main/INFO]: [CHAT] You found a note. It reads: "If you are reading this, then the test worked!"
[21:58:22] [main/INFO]: [CHAT] You found a note. It reads: "If you are reading this, then the test worked!"
[21:58:22] [main/INFO]: [CHAT] You found a note. It reads: "If you are reading this, then the test worked!"
[21:58:22] [main/INFO]: [CHAT] You found a note. It reads: "If you are reading this, then the test worked!"
[21:58:23] [main/INFO]: [CHAT] You found a note. It reads: "If you are reading this, then the test worked!"
[21:58:23] [main/INFO]: [CHAT] You found a note. It reads: "If you are reading this, then the test worked!"
[21:58:23] [main/INFO]: [CHAT] You found a note. It reads: "If you are reading this, then the test worked!"
[21:58:23] [main/INFO]: [CHAT] You found a note. It reads: "If you are reading this, then the test worked!"
[21:58:23] [main/INFO]: [CHAT] You found a note. It reads: "If you are reading this, then the test worked!"
[21:58:23] [main/INFO]: [CHAT] You found a note. It reads: "If you are reading this, then the test worked!"
[21:58:23] [main/INFO]: [CHAT] You found a note. It reads: "If you are reading this, then the test worked!"
[21:58:23] [main/INFO]: [CHAT] You found a note. It reads: "If you are reading this, then the test worked!"
[21:58:23] [main/INFO]: [CHAT] You found a note. It reads: "If you are reading this, then the test worked!"
[21:58:24] [main/INFO]: [CHAT] You found a note. It reads: "If you are reading this, then the test worked!"
[21:58:24] [main/INFO]: [CHAT] You found a note. It reads: "If you are reading this, then the test worked!"
[21:58:26] [Server thread/INFO]: Saving and pausing game...
[21:58:26] [Server thread/INFO]: Saving chunks for level 'Test'/overworld
[21:58:26] [Server thread/INFO]: Saving chunks for level 'Test'/the_nether
[21:58:26] [Server thread/INFO]: Saving chunks for level 'Test'/the_end
[21:58:39] [main/INFO]: [CHAT] You found a note. It reads: "If you are reading this, then the test worked!"
[21:58:39] [main/INFO]: [CHAT] You found a note. It reads: "If you are reading this, then the test worked!"
[21:58:40] [Server thread/INFO]: Saving and pausing game...
[21:58:40] [Server thread/INFO]: Saving chunks for level 'Test'/overworld
[21:58:40] [Server thread/INFO]: Saving chunks for level 'Test'/the_nether
[21:58:40] [Server thread/INFO]: Saving chunks for level 'Test'/the_end
[21:58:46] [Server thread/INFO]: Saving and pausing game...
[21:58:46] [Server thread/INFO]: Saving chunks for level 'Test'/overworld
[21:58:46] [Server thread/INFO]: Saving chunks for level 'Test'/the_nether
[21:58:46] [Server thread/INFO]: Saving chunks for level 'Test'/the_end
[21:58:47] [Server thread/INFO]: Stopping server
[21:58:47] [Server thread/INFO]: Saving players
[21:58:47] [Server thread/INFO]: Player457 lost connection: Disconnected
[21:58:47] [Server thread/INFO]: Player457 left the game
[21:58:47] [Server thread/INFO]: Stopping singleplayer server as player logged out
[21:58:47] [Server thread/INFO]: Saving worlds
[21:58:47] [Server thread/INFO]: Saving chunks for level 'Test'/overworld
[21:58:47] [Server thread/INFO]: Saving chunks for level 'Test'/the_nether
[21:58:47] [Server thread/INFO]: Saving chunks for level 'Test'/the_end
[21:58:50] [main/INFO]: Stopping!
[21:58:50] [main/INFO]: SoundSystem shutting down...
[21:58:50] [main/WARN]: Author: Paul Lamb, www.paulscode.com
